2023-01-23 13:47:10,916 INFO x.SAXExample$1 [main] Start ElementCustomers
2023-01-23 13:47:10,920 INFO x.SAXExample$1 [main] Start ElementCustomer
2023-01-23 13:47:10,920 INFO x.SAXExample$1 [main] Start ElementName
2023-01-23 13:47:10,920 INFO x.SAXExample$1 [main] Name: Veriko
2023-01-23 13:47:10,921 INFO x.SAXExample$1 [main] End element Name
2023-01-23 13:47:10,921 INFO x.SAXExample$1 [main] Start ElementSurname
2023-01-23 13:47:10,922 INFO x.SAXExample$1 [main] Surname Lomadze
2023-01-23 13:47:10,922 INFO x.SAXExample$1 [main] End element Surname
2023-01-23 13:47:10,922 INFO x.SAXExample$1 [main] Start ElementContact_Number
2023-01-23 13:47:10,923 INFO x.SAXExample$1 [main] End element Contact_Number
2023-01-23 13:47:10,924 INFO x.SAXExample$1 [main] Start ElementEmail
2023-01-23 13:47:10,924 INFO x.SAXExample$1 [main] Eamil :veriko@example.com
2023-01-23 13:47:10,924 INFO x.SAXExample$1 [main] End element Email
2023-01-23 13:47:10,924 INFO x.SAXExample$1 [main] Start ElementAddress
2023-01-23 13:47:10,924 INFO x.SAXExample$1 [main] End element Address
2023-01-23 13:47:10,925 INFO x.SAXExample$1 [main] Start ElementPurchase_History
2023-01-23 13:47:10,926 INFO x.SAXExample$1 [main] Purchase_History no hist
2023-01-23 13:47:10,927 INFO x.SAXExample$1 [main] End element Purchase_History
2023-01-23 13:47:10,927 INFO x.SAXExample$1 [main] End element Customer
2023-01-23 13:47:10,928 INFO x.SAXExample$1 [main] Start ElementCustomer
2023-01-23 13:47:10,928 INFO x.SAXExample$1 [main] Start ElementName
2023-01-23 13:47:10,928 INFO x.SAXExample$1 [main] Name: Maria
2023-01-23 13:47:10,928 INFO x.SAXExample$1 [main] End element Name
2023-01-23 13:47:10,929 INFO x.SAXExample$1 [main] Start ElementSurname
2023-01-23 13:47:10,933 INFO x.SAXExample$1 [main] Surname Lobzjanidze
2023-01-23 13:47:10,933 INFO x.SAXExample$1 [main] End element Surname
2023-01-23 13:47:10,934 INFO x.SAXExample$1 [main] Start ElementContact_Number
2023-01-23 13:47:10,934 INFO x.SAXExample$1 [main] End element Contact_Number
2023-01-23 13:47:10,934 INFO x.SAXExample$1 [main] Start ElementEmail
2023-01-23 13:47:10,935 INFO x.SAXExample$1 [main] Eamil :Maria@example.com
2023-01-23 13:47:10,935 INFO x.SAXExample$1 [main] End element Email
2023-01-23 13:47:10,937 INFO x.SAXExample$1 [main] Start ElementAddress
2023-01-23 13:47:10,937 INFO x.SAXExample$1 [main] End element Address
2023-01-23 13:47:10,937 INFO x.SAXExample$1 [main] Start ElementPurchase_History
2023-01-23 13:47:10,938 INFO x.SAXExample$1 [main] Purchase_History no hist
2023-01-23 13:47:10,938 INFO x.SAXExample$1 [main] End element Purchase_History
2023-01-23 13:47:10,939 INFO x.SAXExample$1 [main] End element Customer
2023-01-23 13:47:10,939 INFO x.SAXExample$1 [main] Start ElementCustomer
2023-01-23 13:47:10,939 INFO x.SAXExample$1 [main] Start ElementName
2023-01-23 13:47:10,940 INFO x.SAXExample$1 [main] Name: Salome
2023-01-23 13:47:10,940 INFO x.SAXExample$1 [main] End element Name
2023-01-23 13:47:10,940 INFO x.SAXExample$1 [main] Start ElementSurname
2023-01-23 13:47:10,940 INFO x.SAXExample$1 [main] Surname Sebiskveradze
2023-01-23 13:47:10,941 INFO x.SAXExample$1 [main] End element Surname
2023-01-23 13:47:10,941 INFO x.SAXExample$1 [main] Start ElementContact_Number
2023-01-23 13:47:10,942 INFO x.SAXExample$1 [main] End element Contact_Number
2023-01-23 13:47:10,942 INFO x.SAXExample$1 [main] Start ElementEmail
2023-01-23 13:47:10,942 INFO x.SAXExample$1 [main] Eamil :Salome@example.com
2023-01-23 13:47:10,944 INFO x.SAXExample$1 [main] End element Email
2023-01-23 13:47:10,944 INFO x.SAXExample$1 [main] Start ElementAddress
2023-01-23 13:47:10,944 INFO x.SAXExample$1 [main] End element Address
2023-01-23 13:47:10,944 INFO x.SAXExample$1 [main] Start ElementPurchase_History
2023-01-23 13:47:10,944 INFO x.SAXExample$1 [main] Purchase_History no hist
2023-01-23 13:47:10,945 INFO x.SAXExample$1 [main] End element Purchase_History
2023-01-23 13:47:10,945 INFO x.SAXExample$1 [main] End element Customer
2023-01-23 13:47:10,945 INFO x.SAXExample$1 [main] Start ElementCustomer
2023-01-23 13:47:10,946 INFO x.SAXExample$1 [main] Start ElementName
2023-01-23 13:47:10,946 INFO x.SAXExample$1 [main] Name: Nika
2023-01-23 13:47:10,946 INFO x.SAXExample$1 [main] End element Name
2023-01-23 13:47:10,946 INFO x.SAXExample$1 [main] Start ElementSurname
2023-01-23 13:47:10,947 INFO x.SAXExample$1 [main] Surname JOnes
2023-01-23 13:47:10,947 INFO x.SAXExample$1 [main] End element Surname
2023-01-23 13:47:10,947 INFO x.SAXExample$1 [main] Start ElementContact_Number
2023-01-23 13:47:10,948 INFO x.SAXExample$1 [main] End element Contact_Number
2023-01-23 13:47:10,948 INFO x.SAXExample$1 [main] Start ElementEmail
2023-01-23 13:47:10,949 INFO x.SAXExample$1 [main] Eamil :Nika@example.com
2023-01-23 13:47:10,949 INFO x.SAXExample$1 [main] End element Email
2023-01-23 13:47:10,950 INFO x.SAXExample$1 [main] Start ElementAddress
2023-01-23 13:47:10,950 INFO x.SAXExample$1 [main] End element Address
2023-01-23 13:47:10,950 INFO x.SAXExample$1 [main] Start ElementPurchase_History
2023-01-23 13:47:10,951 INFO x.SAXExample$1 [main] Purchase_History no hist
2023-01-23 13:47:10,951 INFO x.SAXExample$1 [main] End element Purchase_History
2023-01-23 13:47:10,951 INFO x.SAXExample$1 [main] End element Customer
2023-01-23 13:47:10,951 INFO x.SAXExample$1 [main] Start ElementCustomer
2023-01-23 13:47:10,951 INFO x.SAXExample$1 [main] Start ElementName
2023-01-23 13:47:10,952 INFO x.SAXExample$1 [main] Name: Beka
2023-01-23 13:47:10,952 INFO x.SAXExample$1 [main] End element Name
2023-01-23 13:47:10,952 INFO x.SAXExample$1 [main] Start ElementSurname
2023-01-23 13:47:10,953 INFO x.SAXExample$1 [main] Surname Kvaranchxiladze
2023-01-23 13:47:10,954 INFO x.SAXExample$1 [main] End element Surname
2023-01-23 13:47:10,954 INFO x.SAXExample$1 [main] Start ElementContact_Number
2023-01-23 13:47:10,954 INFO x.SAXExample$1 [main] End element Contact_Number
2023-01-23 13:47:10,954 INFO x.SAXExample$1 [main] Start ElementEmail
2023-01-23 13:47:10,954 INFO x.SAXExample$1 [main] Eamil :beka@example.com
2023-01-23 13:47:10,955 INFO x.SAXExample$1 [main] End element Email
2023-01-23 13:47:10,955 INFO x.SAXExample$1 [main] Start ElementAddress
2023-01-23 13:47:10,955 INFO x.SAXExample$1 [main] End element Address
2023-01-23 13:47:10,955 INFO x.SAXExample$1 [main] Start ElementPurchase_History
2023-01-23 13:47:10,955 INFO x.SAXExample$1 [main] Purchase_History no hist
2023-01-23 13:47:10,956 INFO x.SAXExample$1 [main] End element Purchase_History
2023-01-23 13:47:10,956 INFO x.SAXExample$1 [main] End element Customer
2023-01-23 13:47:10,956 INFO x.SAXExample$1 [main] End element Customers
