2023-01-18 15:34:26,300 INFO Main [main] newEmployee hashcode iss: 963815509
2023-01-18 15:34:26,303 INFO Main [main] -------Zoo Escape example------
2023-01-18 15:34:26,305 INFO Main [main] 
Zoo job positions
2023-01-18 15:34:26,306 INFO Main [main] Job Title :0
2023-01-18 15:34:26,306 INFO Main [main] Job Title :1
2023-01-18 15:34:26,307 INFO z.LandscapeGardener [main] A landscape gardener takes care of the plants, flowers, and trees within the zoo landscape.
2023-01-18 15:34:26,307 INFO Main [main] Job Title :2
2023-01-18 15:34:26,308 INFO Main [main] Job Title :3
2023-01-18 15:34:26,309 ERROR Main [main] Dog Sound bark
2023-01-18 15:34:26,310 ERROR Main [main] -------Animals examples------
2023-01-18 15:34:26,310 ERROR Main [main] Monkey
2023-01-18 15:34:26,311 INFO z.Animals [main] Name :Mila
2023-01-18 15:34:26,311 INFO z.Animals [main] Maximum life span:20
2023-01-18 15:34:26,312 INFO z.Animals [main] Age:4
2023-01-18 15:34:26,313 INFO z.Animals [main] Color:brown
2023-01-18 15:34:26,313 INFO z.Animals [main] Phylum: Chordata
2023-01-18 15:34:26,314 INFO z.Animals [main] Class: Mammal
2023-01-18 15:34:26,315 INFO z.Monkey [main] Weight :7
2023-01-18 15:34:26,315 INFO z.Monkey [main] CharacterType:love playing with people
2023-01-18 15:34:26,315 INFO z.Monkey [main] Monkey make sound: Chatter && whoop
2023-01-18 15:34:26,315 INFO z.Monkey [main] Monkey sleeps 12 hour
2023-01-18 15:34:26,315 INFO z.Monkey [main] Monkey eats meats and plants
2023-01-18 15:34:26,315 INFO z.Monkey [main] Monkey sleeps 12 hour
2023-01-18 15:34:26,316 INFO Main [main] Mila hashcode is: 170144208
2023-01-18 15:34:26,317 INFO Main [main] cat
2023-01-18 15:34:26,318 INFO z.Animals [main] Name :Lulu
2023-01-18 15:34:26,319 INFO z.Animals [main] Maximum life span:14
2023-01-18 15:34:26,319 INFO z.Animals [main] Age:2
2023-01-18 15:34:26,319 INFO z.Animals [main] Color:Point coloration
2023-01-18 15:34:26,319 INFO z.Animals [main] Phylum: Chordate
2023-01-18 15:34:26,319 INFO z.Animals [main] Class: Felidae
2023-01-18 15:34:26,322 INFO Main [main] Lulu hashcode is: 1720339
2023-01-18 15:34:26,323 INFO Main [main] yellow birds aviary hashcode is: 1881901842
2023-01-18 15:34:26,324 INFO Main [main] feeding meat
2023-01-18 15:34:26,325 INFO Main [main] info
2023-01-18 15:34:26,325 WARN Main [main] warn
2023-01-18 15:34:26,326 ERROR Main [main] error
2023-01-18 15:34:26,326 INFO Main [main] LinkedList: [Dog, Cat, Cow]
2023-01-18 15:34:26,330 INFO Main [main] age = 
