2023-01-23 14:00:17,379 INFO x.STAXExample [main] Start Element :Customers
2023-01-23 14:00:17,382 INFO x.STAXExample [main] Start Element :Customer
2023-01-23 14:00:17,383 INFO x.STAXExample [main] Start Element :Name
2023-01-23 14:00:17,383 INFO x.STAXExample [main] Veriko
2023-01-23 14:00:17,383 INFO x.STAXExample [main] End Element:Name
2023-01-23 14:00:17,383 INFO x.STAXExample [main] Start Element :Surname
2023-01-23 14:00:17,384 INFO x.STAXExample [main] Lomadze
2023-01-23 14:00:17,384 INFO x.STAXExample [main] End Element:Surname
2023-01-23 14:00:17,385 INFO x.STAXExample [main] Start Element :Contact_Number
2023-01-23 14:00:17,385 INFO x.STAXExample [main] 333-223-22
2023-01-23 14:00:17,385 INFO x.STAXExample [main] End Element:Contact_Number
2023-01-23 14:00:17,386 INFO x.STAXExample [main] Start Element :Email
2023-01-23 14:00:17,386 INFO x.STAXExample [main] veriko@example.com
2023-01-23 14:00:17,386 INFO x.STAXExample [main] End Element:Email
2023-01-23 14:00:17,387 INFO x.STAXExample [main] Start Element :Address
2023-01-23 14:00:17,387 INFO x.STAXExample [main] address example 123
2023-01-23 14:00:17,387 INFO x.STAXExample [main] End Element:Address
2023-01-23 14:00:17,388 INFO x.STAXExample [main] Start Element :Purchase_History
2023-01-23 14:00:17,389 INFO x.STAXExample [main] no hist
2023-01-23 14:00:17,389 INFO x.STAXExample [main] End Element:Purchase_History
2023-01-23 14:00:17,389 INFO x.STAXExample [main] End Element:Customer
2023-01-23 14:00:17,390 INFO x.STAXExample [main] Start Element :Customer
2023-01-23 14:00:17,390 INFO x.STAXExample [main] Start Element :Name
2023-01-23 14:00:17,390 INFO x.STAXExample [main] Maria
2023-01-23 14:00:17,390 INFO x.STAXExample [main] End Element:Name
2023-01-23 14:00:17,392 INFO x.STAXExample [main] Start Element :Surname
2023-01-23 14:00:17,393 INFO x.STAXExample [main] Lobzjanidze
2023-01-23 14:00:17,393 INFO x.STAXExample [main] End Element:Surname
2023-01-23 14:00:17,393 INFO x.STAXExample [main] Start Element :Contact_Number
2023-01-23 14:00:17,393 INFO x.STAXExample [main] 3311-223-22
2023-01-23 14:00:17,393 INFO x.STAXExample [main] End Element:Contact_Number
2023-01-23 14:00:17,393 INFO x.STAXExample [main] Start Element :Email
2023-01-23 14:00:17,395 INFO x.STAXExample [main] Maria@example.com
2023-01-23 14:00:17,396 INFO x.STAXExample [main] End Element:Email
2023-01-23 14:00:17,396 INFO x.STAXExample [main] Start Element :Address
2023-01-23 14:00:17,396 INFO x.STAXExample [main] address example ei33
2023-01-23 14:00:17,396 INFO x.STAXExample [main] End Element:Address
2023-01-23 14:00:17,397 INFO x.STAXExample [main] Start Element :Purchase_History
2023-01-23 14:00:17,397 INFO x.STAXExample [main] no hist
2023-01-23 14:00:17,398 INFO x.STAXExample [main] End Element:Purchase_History
2023-01-23 14:00:17,398 INFO x.STAXExample [main] End Element:Customer
2023-01-23 14:00:17,398 INFO x.STAXExample [main] Start Element :Customer
2023-01-23 14:00:17,398 INFO x.STAXExample [main] Start Element :Name
2023-01-23 14:00:17,398 INFO x.STAXExample [main] Salome
2023-01-23 14:00:17,399 INFO x.STAXExample [main] End Element:Name
2023-01-23 14:00:17,399 INFO x.STAXExample [main] Start Element :Surname
2023-01-23 14:00:17,399 INFO x.STAXExample [main] Sebiskveradze
2023-01-23 14:00:17,400 INFO x.STAXExample [main] End Element:Surname
2023-01-23 14:00:17,401 INFO x.STAXExample [main] Start Element :Contact_Number
2023-01-23 14:00:17,401 INFO x.STAXExample [main] 111-223-22
2023-01-23 14:00:17,401 INFO x.STAXExample [main] End Element:Contact_Number
2023-01-23 14:00:17,401 INFO x.STAXExample [main] Start Element :Email
2023-01-23 14:00:17,401 INFO x.STAXExample [main] Salome@example.com
2023-01-23 14:00:17,401 INFO x.STAXExample [main] End Element:Email
2023-01-23 14:00:17,401 INFO x.STAXExample [main] Start Element :Address
2023-01-23 14:00:17,402 INFO x.STAXExample [main] address example 2311113
2023-01-23 14:00:17,402 INFO x.STAXExample [main] End Element:Address
2023-01-23 14:00:17,402 INFO x.STAXExample [main] Start Element :Purchase_History
2023-01-23 14:00:17,402 INFO x.STAXExample [main] no hist
2023-01-23 14:00:17,402 INFO x.STAXExample [main] End Element:Purchase_History
2023-01-23 14:00:17,403 INFO x.STAXExample [main] End Element:Customer
2023-01-23 14:00:17,403 INFO x.STAXExample [main] Start Element :Customer
2023-01-23 14:00:17,403 INFO x.STAXExample [main] Start Element :Name
2023-01-23 14:00:17,405 INFO x.STAXExample [main] Nika
2023-01-23 14:00:17,405 INFO x.STAXExample [main] End Element:Name
2023-01-23 14:00:17,405 INFO x.STAXExample [main] Start Element :Surname
2023-01-23 14:00:17,406 INFO x.STAXExample [main] JOnes
2023-01-23 14:00:17,406 INFO x.STAXExample [main] End Element:Surname
2023-01-23 14:00:17,406 INFO x.STAXExample [main] Start Element :Contact_Number
2023-01-23 14:00:17,406 INFO x.STAXExample [main] 199923-22
2023-01-23 14:00:17,407 INFO x.STAXExample [main] End Element:Contact_Number
2023-01-23 14:00:17,407 INFO x.STAXExample [main] Start Element :Email
2023-01-23 14:00:17,407 INFO x.STAXExample [main] Nika@example.com
2023-01-23 14:00:17,407 INFO x.STAXExample [main] End Element:Email
2023-01-23 14:00:17,408 INFO x.STAXExample [main] Start Element :Address
2023-01-23 14:00:17,408 INFO x.STAXExample [main] jonas example 2311113
2023-01-23 14:00:17,409 INFO x.STAXExample [main] End Element:Address
2023-01-23 14:00:17,409 INFO x.STAXExample [main] Start Element :Purchase_History
2023-01-23 14:00:17,409 INFO x.STAXExample [main] no hist
2023-01-23 14:00:17,409 INFO x.STAXExample [main] End Element:Purchase_History
2023-01-23 14:00:17,410 INFO x.STAXExample [main] End Element:Customer
2023-01-23 14:00:17,410 INFO x.STAXExample [main] Start Element :Customer
2023-01-23 14:00:17,411 INFO x.STAXExample [main] Start Element :Name
2023-01-23 14:00:17,411 INFO x.STAXExample [main] Beka
2023-01-23 14:00:17,411 INFO x.STAXExample [main] End Element:Name
2023-01-23 14:00:17,411 INFO x.STAXExample [main] Start Element :Surname
2023-01-23 14:00:17,411 INFO x.STAXExample [main] Kvaranchxiladze
2023-01-23 14:00:17,412 INFO x.STAXExample [main] End Element:Surname
2023-01-23 14:00:17,412 INFO x.STAXExample [main] Start Element :Contact_Number
2023-01-23 14:00:17,412 INFO x.STAXExample [main] 09209-23-4
2023-01-23 14:00:17,412 INFO x.STAXExample [main] End Element:Contact_Number
2023-01-23 14:00:17,413 INFO x.STAXExample [main] Start Element :Email
2023-01-23 14:00:17,414 INFO x.STAXExample [main] beka@example.com
2023-01-23 14:00:17,414 INFO x.STAXExample [main] End Element:Email
2023-01-23 14:00:17,414 INFO x.STAXExample [main] Start Element :Address
2023-01-23 14:00:17,414 INFO x.STAXExample [main] address 34 
2023-01-23 14:00:17,414 INFO x.STAXExample [main] End Element:Address
2023-01-23 14:00:17,414 INFO x.STAXExample [main] Start Element :Purchase_History
2023-01-23 14:00:17,414 INFO x.STAXExample [main] no hist
2023-01-23 14:00:17,415 INFO x.STAXExample [main] End Element:Purchase_History
2023-01-23 14:00:17,416 INFO x.STAXExample [main] End Element:Customer
2023-01-23 14:00:17,416 INFO x.STAXExample [main] End Element:Customers
