2022-12-22 16:34:34,417 INFO Main [main] newEmployee hashcode is: 142247393
2022-12-22 16:34:34,421 INFO Main [main] -------Zoo Escape example------
2022-12-22 16:34:34,425 INFO Main [main] 
Zoo job positions
2022-12-22 16:34:34,426 INFO Main [main] Job Title :0
2022-12-22 16:34:34,427 INFO Main [main] Job Title :1
2022-12-22 16:34:34,427 INFO z.LandscapeGardener [main] A landscape gardener takes care of the plants, flowers, and trees within the zoo landscape.
2022-12-22 16:34:34,428 INFO Main [main] Job Title :2
2022-12-22 16:34:34,428 INFO Main [main] Job Title :3
2022-12-22 16:34:34,429 INFO Main [main] -------Animals examples------
2022-12-22 16:34:34,429 INFO Main [main] Monkey
2022-12-22 16:34:34,430 INFO z.Animals [main] Name :Mila
2022-12-22 16:34:34,431 INFO z.Animals [main] Maximum life span:20
2022-12-22 16:34:34,431 INFO z.Animals [main] Age:4
2022-12-22 16:34:34,432 INFO z.Animals [main] Color:brown
2022-12-22 16:34:34,432 INFO z.Animals [main] Phylum: Chordata
2022-12-22 16:34:34,432 INFO z.Animals [main] Class: Mammal
2022-12-22 16:34:34,434 INFO z.Monkey [main] Weight :7
2022-12-22 16:34:34,435 INFO z.Monkey [main] CharacterType:love playing with people
2022-12-22 16:34:34,435 INFO z.Monkey [main] Monkey make sound: Chatter && whoop
2022-12-22 16:34:34,435 INFO z.Monkey [main] Monkey sleeps 12 hour
2022-12-22 16:34:34,436 INFO Main [main] Mila hashcode is: 843512726
2022-12-22 16:34:34,436 INFO Main [main] cat
2022-12-22 16:34:34,439 INFO z.Animals [main] Name :Lulu
2022-12-22 16:34:34,440 INFO z.Animals [main] Maximum life span:14
2022-12-22 16:34:34,441 INFO z.Animals [main] Age:2
2022-12-22 16:34:34,441 INFO z.Animals [main] Color:Point coloration
2022-12-22 16:34:34,441 INFO z.Animals [main] Phylum: Chordate
2022-12-22 16:34:34,442 INFO z.Animals [main] Class: Felidae
2022-12-22 16:34:34,442 INFO Main [main] Lulu hashcode is: 1631086936
2022-12-22 16:34:34,448 INFO Main [main] yellow birds aviary hashcode is: 1239183618
2022-12-22 16:34:34,449 INFO Main [main] feeding meat
2022-12-22 16:34:34,452 DEBUG Main [main] debug
2022-12-22 16:34:34,452 INFO Main [main] info
2022-12-22 16:34:34,452 WARN Main [main] warn
2022-12-22 16:34:34,452 ERROR Main [main] error
2022-12-22 16:34:34,454 INFO Main [main] LinkedList: [Dog, Cat, Cow]
