2023-01-26 17:42:05,861 INFO t.ThreadClass [main] starting hello thread
2023-01-26 17:42:05,864 INFO t.ThreadClass [main] Starting Good bye thread...
2023-01-26 17:42:05,864 INFO t.RunnableDisplayMessage [hello] Hello
2023-01-26 17:42:05,864 INFO t.ThreadClass [main] starting thread 3...
2023-01-26 17:42:05,864 INFO t.RunnableDisplayMessage [Thread-1] GoodBye
2023-01-26 17:42:05,866 INFO t.RunnableDisplayMessage [hello] Hello
2023-01-26 17:42:05,867 INFO t.RunnableDisplayMessage [hello] Hello
2023-01-26 17:42:05,867 INFO t.RunnableDisplayMessage [Thread-1] GoodBye
2023-01-26 17:42:05,868 INFO t.RunnableDisplayMessage [hello] Hello
2023-01-26 17:42:05,868 INFO t.RunnableDisplayMessage [Thread-1] GoodBye
2023-01-26 17:42:05,868 INFO t.RunnableDisplayMessage [Thread-1] GoodBye
2023-01-26 17:42:05,869 INFO t.RunnableDisplayMessage [Thread-1] GoodBye
2023-01-26 17:42:05,869 INFO t.RunnableDisplayMessage [hello] Hello
2023-01-26 17:42:05,869 INFO t.RunnableDisplayMessage [Thread-1] GoodBye
2023-01-26 17:42:05,869 INFO t.RunnableDisplayMessage [hello] Hello
2023-01-26 17:42:05,869 INFO t.RunnableDisplayMessage [Thread-1] GoodBye
2023-01-26 17:42:05,869 INFO t.RunnableDisplayMessage [hello] Hello
2023-01-26 17:42:05,869 INFO t.RunnableDisplayMessage [Thread-1] GoodBye
2023-01-26 17:42:05,870 INFO t.RunnableDisplayMessage [Thread-1] GoodBye
2023-01-26 17:42:05,870 INFO t.RunnableDisplayMessage [Thread-1] GoodBye
2023-01-26 17:42:05,870 INFO t.RunnableDisplayMessage [hello] Hello
2023-01-26 17:42:05,870 INFO t.RunnableDisplayMessage [Thread-1] GoodBye
2023-01-26 17:42:05,871 INFO t.RunnableDisplayMessage [hello] Hello
2023-01-26 17:42:05,872 INFO t.RunnableDisplayMessage [Thread-1] GoodBye
2023-01-26 17:42:05,872 INFO t.RunnableDisplayMessage [hello] Hello
2023-01-26 17:42:05,876 INFO t.RunnableDisplayMessage [hello] Hello
2023-01-26 17:42:05,876 INFO t.RunnableDisplayMessage [Thread-1] GoodBye
2023-01-26 17:42:05,876 INFO t.RunnableDisplayMessage [hello] Hello
2023-01-26 17:42:05,877 INFO t.RunnableDisplayMessage [hello] Hello
2023-01-26 17:42:05,877 INFO t.RunnableDisplayMessage [Thread-1] GoodBye
2023-01-26 17:42:05,877 INFO t.RunnableDisplayMessage [hello] Hello
2023-01-26 17:42:05,877 INFO t.RunnableDisplayMessage [Thread-1] GoodBye
2023-01-26 17:42:05,877 INFO t.RunnableDisplayMessage [hello] Hello
2023-01-26 17:42:05,879 INFO t.RunnableDisplayMessage [hello] Hello
2023-01-26 17:42:05,877 INFO t.RunnableDisplayMessage [Thread-1] GoodBye
2023-01-26 17:42:05,879 INFO t.GuessANumber [Thread-2] Thread-2 guesses 85
2023-01-26 17:42:05,884 INFO t.RunnableDisplayMessage [Thread-1] GoodBye
2023-01-26 17:42:05,885 INFO t.RunnableDisplayMessage [hello] Hello
2023-01-26 17:42:05,886 INFO t.GuessANumber [Thread-2] Thread-2 guesses 80
2023-01-26 17:42:05,885 INFO t.RunnableDisplayMessage [Thread-1] GoodBye
2023-01-26 17:42:05,886 INFO t.GuessANumber [Thread-2] Thread-2 guesses 72
2023-01-26 17:42:05,887 INFO t.RunnableDisplayMessage [Thread-1] GoodBye
2023-01-26 17:42:05,887 INFO t.RunnableDisplayMessage [hello] Hello
2023-01-26 17:42:05,887 INFO t.RunnableDisplayMessage [Thread-1] GoodBye
2023-01-26 17:42:05,887 INFO t.RunnableDisplayMessage [Thread-1] GoodBye
2023-01-26 17:42:05,887 INFO t.GuessANumber [Thread-2] Thread-2 guesses 16
2023-01-26 17:42:05,888 INFO t.RunnableDisplayMessage [Thread-1] GoodBye
2023-01-26 17:42:05,889 INFO t.GuessANumber [Thread-2] Thread-2 guesses 20
2023-01-26 17:42:05,889 INFO t.RunnableDisplayMessage [Thread-1] GoodBye
2023-01-26 17:42:05,889 INFO t.RunnableDisplayMessage [hello] Hello
2023-01-26 17:42:05,890 INFO t.GuessANumber [Thread-2] Thread-2 guesses 90
2023-01-26 17:42:05,890 INFO t.RunnableDisplayMessage [Thread-1] GoodBye
2023-01-26 17:42:05,890 INFO t.RunnableDisplayMessage [hello] Hello
2023-01-26 17:42:05,891 INFO t.GuessANumber [Thread-2] Thread-2 guesses 58
2023-01-26 17:42:05,891 INFO t.RunnableDisplayMessage [hello] Hello
2023-01-26 17:42:05,891 INFO t.RunnableDisplayMessage [Thread-1] GoodBye
2023-01-26 17:42:05,891 INFO t.GuessANumber [Thread-2] Thread-2 guesses 85
2023-01-26 17:42:05,891 INFO t.GuessANumber [Thread-2] Thread-2 guesses 91
2023-01-26 17:42:05,891 INFO t.RunnableDisplayMessage [hello] Hello
2023-01-26 17:42:05,891 INFO t.RunnableDisplayMessage [Thread-1] GoodBye
2023-01-26 17:42:05,891 INFO t.GuessANumber [Thread-2] Thread-2 guesses 66
2023-01-26 17:42:05,891 INFO t.RunnableDisplayMessage [hello] Hello
2023-01-26 17:42:05,892 INFO t.GuessANumber [Thread-2] Thread-2 guesses 47
2023-01-26 17:42:05,892 INFO t.GuessANumber [Thread-2] Thread-2 guesses 48
2023-01-26 17:42:05,892 INFO t.RunnableDisplayMessage [Thread-1] GoodBye
2023-01-26 17:42:05,892 INFO t.RunnableDisplayMessage [hello] Hello
2023-01-26 17:42:05,892 INFO t.GuessANumber [Thread-2] Thread-2 guesses 25
2023-01-26 17:42:05,892 INFO t.RunnableDisplayMessage [hello] Hello
2023-01-26 17:42:05,892 INFO t.RunnableDisplayMessage [Thread-1] GoodBye
2023-01-26 17:42:05,893 INFO t.RunnableDisplayMessage [Thread-1] GoodBye
2023-01-26 17:42:05,893 INFO t.GuessANumber [Thread-2] Thread-2 guesses 43
2023-01-26 17:42:05,893 INFO t.RunnableDisplayMessage [hello] Hello
2023-01-26 17:42:05,893 INFO t.RunnableDisplayMessage [hello] Hello
2023-01-26 17:42:05,893 INFO t.GuessANumber [Thread-2] Thread-2 guesses 1
2023-01-26 17:42:05,893 INFO t.RunnableDisplayMessage [Thread-1] GoodBye
2023-01-26 17:42:05,893 INFO t.RunnableDisplayMessage [hello] Hello
2023-01-26 17:42:05,893 INFO t.GuessANumber [Thread-2] Thread-2 guesses 96
2023-01-26 17:42:05,894 INFO t.RunnableDisplayMessage [hello] Hello
2023-01-26 17:42:05,894 INFO t.RunnableDisplayMessage [Thread-1] GoodBye
2023-01-26 17:42:05,894 INFO t.GuessANumber [Thread-2] Thread-2 guesses 50
2023-01-26 17:42:05,894 INFO t.RunnableDisplayMessage [hello] Hello
2023-01-26 17:42:05,894 INFO t.RunnableDisplayMessage [Thread-1] GoodBye
2023-01-26 17:42:05,894 INFO t.GuessANumber [Thread-2] Thread-2 guesses 90
2023-01-26 17:42:05,894 INFO t.RunnableDisplayMessage [Thread-1] GoodBye
2023-01-26 17:42:05,894 INFO t.RunnableDisplayMessage [hello] Hello
2023-01-26 17:42:05,895 INFO t.RunnableDisplayMessage [hello] Hello
2023-01-26 17:42:05,895 INFO t.GuessANumber [Thread-2] Thread-2 guesses 60
2023-01-26 17:42:05,895 INFO t.RunnableDisplayMessage [Thread-1] GoodBye
2023-01-26 17:42:05,895 INFO t.GuessANumber [Thread-2] Thread-2 guesses 85
2023-01-26 17:42:05,895 INFO t.RunnableDisplayMessage [hello] Hello
2023-01-26 17:42:05,896 INFO t.RunnableDisplayMessage [Thread-1] GoodBye
2023-01-26 17:42:05,896 INFO t.GuessANumber [Thread-2] Thread-2 guesses 15
2023-01-26 17:42:05,897 INFO t.RunnableDisplayMessage [Thread-1] GoodBye
2023-01-26 17:42:05,897 INFO t.RunnableDisplayMessage [hello] Hello
2023-01-26 17:42:05,897 INFO t.GuessANumber [Thread-2] Thread-2 guesses 79
2023-01-26 17:42:05,897 INFO t.RunnableDisplayMessage [Thread-1] GoodBye
2023-01-26 17:42:05,897 INFO t.GuessANumber [Thread-2] Thread-2 guesses 33
2023-01-26 17:42:05,897 INFO t.RunnableDisplayMessage [hello] Hello
2023-01-26 17:42:05,897 INFO t.RunnableDisplayMessage [Thread-1] GoodBye
2023-01-26 17:42:05,898 INFO t.RunnableDisplayMessage [hello] Hello
2023-01-26 17:42:05,897 INFO t.GuessANumber [Thread-2] Thread-2 guesses 61
2023-01-26 17:42:05,898 INFO t.RunnableDisplayMessage [Thread-1] GoodBye
2023-01-26 17:42:05,899 INFO t.RunnableDisplayMessage [hello] Hello
2023-01-26 17:42:05,899 INFO t.RunnableDisplayMessage [Thread-1] GoodBye
2023-01-26 17:42:05,899 INFO t.GuessANumber [Thread-2] Thread-2 guesses 93
2023-01-26 17:42:05,900 INFO t.RunnableDisplayMessage [hello] Hello
2023-01-26 17:42:05,900 INFO t.RunnableDisplayMessage [Thread-1] GoodBye
2023-01-26 17:42:05,900 INFO t.RunnableDisplayMessage [hello] Hello
2023-01-26 17:42:05,900 INFO t.GuessANumber [Thread-2] Thread-2 guesses 36
2023-01-26 17:42:05,900 INFO t.RunnableDisplayMessage [Thread-1] GoodBye
2023-01-26 17:42:05,900 INFO t.RunnableDisplayMessage [hello] Hello
2023-01-26 17:42:05,900 INFO t.GuessANumber [Thread-2] Thread-2 guesses 8
2023-01-26 17:42:05,900 INFO t.RunnableDisplayMessage [Thread-1] GoodBye
2023-01-26 17:42:05,901 INFO t.RunnableDisplayMessage [hello] Hello
2023-01-26 17:42:05,903 INFO t.GuessANumber [Thread-2] Thread-2 guesses 36
2023-01-26 17:42:05,903 INFO t.RunnableDisplayMessage [Thread-1] GoodBye
2023-01-26 17:42:05,904 INFO t.RunnableDisplayMessage [hello] Hello
2023-01-26 17:42:05,905 INFO t.GuessANumber [Thread-2] Thread-2 guesses 44
2023-01-26 17:42:05,905 INFO t.RunnableDisplayMessage [hello] Hello
2023-01-26 17:42:05,905 INFO t.RunnableDisplayMessage [Thread-1] GoodBye
2023-01-26 17:42:05,905 INFO t.GuessANumber [Thread-2] Thread-2 guesses 18
2023-01-26 17:42:05,905 INFO t.RunnableDisplayMessage [hello] Hello
2023-01-26 17:42:05,905 INFO t.RunnableDisplayMessage [Thread-1] GoodBye
2023-01-26 17:42:05,905 INFO t.RunnableDisplayMessage [hello] Hello
2023-01-26 17:42:05,906 INFO t.RunnableDisplayMessage [Thread-1] GoodBye
2023-01-26 17:42:05,906 INFO t.RunnableDisplayMessage [hello] Hello
2023-01-26 17:42:05,906 INFO t.GuessANumber [Thread-2] Thread-2 guesses 90
2023-01-26 17:42:05,907 INFO t.RunnableDisplayMessage [Thread-1] GoodBye
2023-01-26 17:42:05,908 INFO t.GuessANumber [Thread-2] Thread-2 guesses 33
2023-01-26 17:42:05,908 INFO t.RunnableDisplayMessage [Thread-1] GoodBye
2023-01-26 17:42:05,908 INFO t.RunnableDisplayMessage [hello] Hello
2023-01-26 17:42:05,909 INFO t.GuessANumber [Thread-2] Thread-2 guesses 78
2023-01-26 17:42:05,909 INFO t.RunnableDisplayMessage [hello] Hello
2023-01-26 17:42:05,909 INFO t.RunnableDisplayMessage [Thread-1] GoodBye
2023-01-26 17:42:05,910 INFO t.RunnableDisplayMessage [Thread-1] GoodBye
2023-01-26 17:42:05,910 INFO t.RunnableDisplayMessage [hello] Hello
2023-01-26 17:42:05,910 INFO t.GuessANumber [Thread-2] Thread-2 guesses 52
2023-01-26 17:42:05,911 INFO t.GuessANumber [Thread-2] Thread-2 guesses 91
2023-01-26 17:42:05,911 INFO t.RunnableDisplayMessage [hello] Hello
2023-01-26 17:42:05,911 INFO t.RunnableDisplayMessage [Thread-1] GoodBye
2023-01-26 17:42:05,911 INFO t.RunnableDisplayMessage [hello] Hello
2023-01-26 17:42:05,911 INFO t.GuessANumber [Thread-2] Thread-2 guesses 50
2023-01-26 17:42:05,911 INFO t.RunnableDisplayMessage [Thread-1] GoodBye
2023-01-26 17:42:05,911 INFO t.RunnableDisplayMessage [hello] Hello
2023-01-26 17:42:05,911 INFO t.GuessANumber [Thread-2] Thread-2 guesses 2
2023-01-26 17:42:05,912 INFO t.RunnableDisplayMessage [Thread-1] GoodBye
2023-01-26 17:42:05,912 INFO t.RunnableDisplayMessage [hello] Hello
2023-01-26 17:42:05,912 INFO t.RunnableDisplayMessage [Thread-1] GoodBye
2023-01-26 17:42:05,912 INFO t.GuessANumber [Thread-2] Thread-2 guesses 42
2023-01-26 17:42:05,912 INFO t.RunnableDisplayMessage [hello] Hello
2023-01-26 17:42:05,912 INFO t.RunnableDisplayMessage [Thread-1] GoodBye
2023-01-26 17:42:05,913 INFO t.RunnableDisplayMessage [Thread-1] GoodBye
2023-01-26 17:42:05,912 INFO t.GuessANumber [Thread-2] Thread-2 guesses 15
2023-01-26 17:42:05,913 INFO t.RunnableDisplayMessage [hello] Hello
2023-01-26 17:42:05,915 INFO t.RunnableDisplayMessage [hello] Hello
2023-01-26 17:42:05,915 INFO t.GuessANumber [Thread-2] Thread-2 guesses 53
2023-01-26 17:42:05,915 INFO t.RunnableDisplayMessage [Thread-1] GoodBye
2023-01-26 17:42:05,916 INFO t.RunnableDisplayMessage [hello] Hello
2023-01-26 17:42:05,916 INFO t.GuessANumber [Thread-2] Thread-2 guesses 75
2023-01-26 17:42:05,916 INFO t.RunnableDisplayMessage [Thread-1] GoodBye
2023-01-26 17:42:05,917 INFO t.RunnableDisplayMessage [Thread-1] GoodBye
2023-01-26 17:42:05,917 INFO t.RunnableDisplayMessage [hello] Hello
2023-01-26 17:42:05,917 INFO t.GuessANumber [Thread-2] Thread-2 guesses 74
2023-01-26 17:42:05,917 INFO t.RunnableDisplayMessage [Thread-1] GoodBye
2023-01-26 17:42:05,917 INFO t.RunnableDisplayMessage [hello] Hello
2023-01-26 17:42:05,917 INFO t.RunnableDisplayMessage [Thread-1] GoodBye
2023-01-26 17:42:05,917 INFO t.GuessANumber [Thread-2] Thread-2 guesses 84
2023-01-26 17:42:05,917 INFO t.RunnableDisplayMessage [hello] Hello
2023-01-26 17:42:05,917 INFO t.RunnableDisplayMessage [Thread-1] GoodBye
2023-01-26 17:42:05,917 INFO t.GuessANumber [Thread-2] Thread-2 guesses 82
2023-01-26 17:42:05,917 INFO t.RunnableDisplayMessage [hello] Hello
2023-01-26 17:42:05,917 INFO t.RunnableDisplayMessage [Thread-1] GoodBye
2023-01-26 17:42:05,917 INFO t.GuessANumber [Thread-2] Thread-2 guesses 44
2023-01-26 17:42:05,917 INFO t.RunnableDisplayMessage [hello] Hello
2023-01-26 17:42:05,917 INFO t.RunnableDisplayMessage [Thread-1] GoodBye
2023-01-26 17:42:05,917 INFO t.RunnableDisplayMessage [hello] Hello
2023-01-26 17:42:05,917 INFO t.GuessANumber [Thread-2] Thread-2 guesses 75
2023-01-26 17:42:05,918 INFO t.RunnableDisplayMessage [hello] Hello
2023-01-26 17:42:05,917 INFO t.RunnableDisplayMessage [Thread-1] GoodBye
2023-01-26 17:42:05,918 INFO t.RunnableDisplayMessage [Thread-1] GoodBye
2023-01-26 17:42:05,918 INFO t.RunnableDisplayMessage [hello] Hello
2023-01-26 17:42:05,918 INFO t.GuessANumber [Thread-2] Thread-2 guesses 49
2023-01-26 17:42:05,919 INFO t.RunnableDisplayMessage [Thread-1] GoodBye
2023-01-26 17:42:05,919 INFO t.RunnableDisplayMessage [hello] Hello
2023-01-26 17:42:05,920 INFO t.GuessANumber [Thread-2] Thread-2 guesses 13
2023-01-26 17:42:05,921 INFO t.RunnableDisplayMessage [hello] Hello
2023-01-26 17:42:05,921 INFO t.GuessANumber [Thread-2] Thread-2 guesses 11
2023-01-26 17:42:05,921 INFO t.RunnableDisplayMessage [Thread-1] GoodBye
2023-01-26 17:42:05,922 INFO t.RunnableDisplayMessage [Thread-1] GoodBye
2023-01-26 17:42:05,922 INFO t.GuessANumber [Thread-2] Thread-2 guesses 94
2023-01-26 17:42:05,922 INFO t.RunnableDisplayMessage [hello] Hello
2023-01-26 17:42:05,923 INFO t.RunnableDisplayMessage [hello] Hello
2023-01-26 17:42:05,923 INFO t.GuessANumber [Thread-2] Thread-2 guesses 98
2023-01-26 17:42:05,923 INFO t.RunnableDisplayMessage [Thread-1] GoodBye
2023-01-26 17:42:05,924 INFO t.RunnableDisplayMessage [Thread-1] GoodBye
2023-01-26 17:42:05,924 INFO t.GuessANumber [Thread-2] Thread-2 guesses 19
2023-01-26 17:42:05,924 INFO t.RunnableDisplayMessage [hello] Hello
2023-01-26 17:42:05,924 INFO t.GuessANumber [Thread-2] Thread-2 guesses 97
2023-01-26 17:42:05,924 INFO t.RunnableDisplayMessage [hello] Hello
2023-01-26 17:42:05,925 INFO t.RunnableDisplayMessage [hello] Hello
2023-01-26 17:42:05,925 INFO t.GuessANumber [Thread-2] Thread-2 guesses 90
2023-01-26 17:42:05,924 INFO t.RunnableDisplayMessage [Thread-1] GoodBye
2023-01-26 17:42:05,926 INFO t.GuessANumber [Thread-2] Thread-2 guesses 28
2023-01-26 17:42:05,926 INFO t.RunnableDisplayMessage [hello] Hello
2023-01-26 17:42:05,926 INFO t.RunnableDisplayMessage [Thread-1] GoodBye
2023-01-26 17:42:05,928 INFO t.RunnableDisplayMessage [Thread-1] GoodBye
2023-01-26 17:42:05,928 INFO t.RunnableDisplayMessage [hello] Hello
2023-01-26 17:42:05,928 INFO t.GuessANumber [Thread-2] Thread-2 guesses 83
2023-01-26 17:42:05,928 INFO t.RunnableDisplayMessage [Thread-1] GoodBye
2023-01-26 17:42:05,928 INFO t.GuessANumber [Thread-2] Thread-2 guesses 80
2023-01-26 17:42:05,928 INFO t.RunnableDisplayMessage [Thread-1] GoodBye
2023-01-26 17:42:05,928 INFO t.RunnableDisplayMessage [hello] Hello
2023-01-26 17:42:05,928 INFO t.GuessANumber [Thread-2] Thread-2 guesses 51
2023-01-26 17:42:05,928 INFO t.RunnableDisplayMessage [Thread-1] GoodBye
2023-01-26 17:42:05,928 INFO t.RunnableDisplayMessage [hello] Hello
2023-01-26 17:42:05,928 INFO t.GuessANumber [Thread-2] Thread-2 guesses 30
2023-01-26 17:42:05,929 INFO t.RunnableDisplayMessage [Thread-1] GoodBye
2023-01-26 17:42:05,929 INFO t.RunnableDisplayMessage [hello] Hello
2023-01-26 17:42:05,929 INFO t.GuessANumber [Thread-2] Thread-2 guesses 95
2023-01-26 17:42:05,930 INFO t.GuessANumber [Thread-2] Thread-2 guesses 86
2023-01-26 17:42:05,930 INFO t.RunnableDisplayMessage [hello] Hello
2023-01-26 17:42:05,930 INFO t.RunnableDisplayMessage [Thread-1] GoodBye
2023-01-26 17:42:05,930 INFO t.GuessANumber [Thread-2] Thread-2 guesses 8
2023-01-26 17:42:05,930 INFO t.RunnableDisplayMessage [hello] Hello
2023-01-26 17:42:05,930 INFO t.RunnableDisplayMessage [Thread-1] GoodBye
2023-01-26 17:42:05,930 INFO t.GuessANumber [Thread-2] Thread-2 guesses 26
2023-01-26 17:42:05,930 INFO t.RunnableDisplayMessage [hello] Hello
2023-01-26 17:42:05,930 INFO t.RunnableDisplayMessage [Thread-1] GoodBye
2023-01-26 17:42:05,930 INFO t.GuessANumber [Thread-2] Thread-2 guesses 28
2023-01-26 17:42:05,931 INFO t.RunnableDisplayMessage [hello] Hello
2023-01-26 17:42:05,931 INFO t.RunnableDisplayMessage [Thread-1] GoodBye
2023-01-26 17:42:05,931 INFO t.GuessANumber [Thread-2] Thread-2 guesses 60
2023-01-26 17:42:05,931 INFO t.RunnableDisplayMessage [hello] Hello
2023-01-26 17:42:05,931 INFO t.RunnableDisplayMessage [Thread-1] GoodBye
2023-01-26 17:42:05,931 INFO t.GuessANumber [Thread-2] Thread-2 guesses 88
2023-01-26 17:42:05,931 INFO t.RunnableDisplayMessage [Thread-1] GoodBye
2023-01-26 17:42:05,931 INFO t.RunnableDisplayMessage [hello] Hello
2023-01-26 17:42:05,931 INFO t.GuessANumber [Thread-2] Thread-2 guesses 50
2023-01-26 17:42:05,931 INFO t.RunnableDisplayMessage [Thread-1] GoodBye
2023-01-26 17:42:05,931 INFO t.RunnableDisplayMessage [hello] Hello
2023-01-26 17:42:05,931 INFO t.GuessANumber [Thread-2] Thread-2 guesses 98
2023-01-26 17:42:05,931 INFO t.RunnableDisplayMessage [Thread-1] GoodBye
2023-01-26 17:42:05,931 INFO t.RunnableDisplayMessage [hello] Hello
2023-01-26 17:42:05,932 INFO t.RunnableDisplayMessage [Thread-1] GoodBye
2023-01-26 17:42:05,932 INFO t.GuessANumber [Thread-2] Thread-2 guesses 12
2023-01-26 17:42:05,932 INFO t.RunnableDisplayMessage [hello] Hello
2023-01-26 17:42:05,933 INFO t.GuessANumber [Thread-2] Thread-2 guesses 83
2023-01-26 17:42:05,933 INFO t.RunnableDisplayMessage [hello] Hello
2023-01-26 17:42:05,933 INFO t.GuessANumber [Thread-2] Thread-2 guesses 82
2023-01-26 17:42:05,933 INFO t.RunnableDisplayMessage [Thread-1] GoodBye
2023-01-26 17:42:05,933 INFO t.RunnableDisplayMessage [hello] Hello
2023-01-26 17:42:05,933 INFO t.RunnableDisplayMessage [Thread-1] GoodBye
2023-01-26 17:42:05,933 INFO t.GuessANumber [Thread-2] Thread-2 guesses 61
2023-01-26 17:42:05,933 INFO t.RunnableDisplayMessage [hello] Hello
2023-01-26 17:42:05,933 INFO t.RunnableDisplayMessage [Thread-1] GoodBye
2023-01-26 17:42:05,933 INFO t.GuessANumber [Thread-2] Thread-2 guesses 9
2023-01-26 17:42:05,933 INFO t.RunnableDisplayMessage [hello] Hello
2023-01-26 17:42:05,933 INFO t.RunnableDisplayMessage [Thread-1] GoodBye
2023-01-26 17:42:05,934 INFO t.RunnableDisplayMessage [hello] Hello
2023-01-26 17:42:05,934 INFO t.GuessANumber [Thread-2] Thread-2 guesses 15
2023-01-26 17:42:05,938 INFO t.GuessANumber [Thread-2] Thread-2 guesses 100
2023-01-26 17:42:05,938 INFO t.RunnableDisplayMessage [Thread-1] GoodBye
2023-01-26 17:42:05,938 INFO t.RunnableDisplayMessage [hello] Hello
2023-01-26 17:42:05,938 INFO t.RunnableDisplayMessage [Thread-1] GoodBye
2023-01-26 17:42:05,938 INFO t.GuessANumber [Thread-2] Thread-2 guesses 58
2023-01-26 17:42:05,938 INFO t.RunnableDisplayMessage [hello] Hello
2023-01-26 17:42:05,941 INFO t.RunnableDisplayMessage [hello] Hello
2023-01-26 17:42:05,942 INFO t.RunnableDisplayMessage [hello] Hello
2023-01-26 17:42:05,943 INFO t.GuessANumber [Thread-2] Thread-2 guesses 75
2023-01-26 17:42:05,943 INFO t.RunnableDisplayMessage [Thread-1] GoodBye
2023-01-26 17:42:05,943 INFO t.RunnableDisplayMessage [Thread-1] GoodBye
2023-01-26 17:42:05,943 INFO t.RunnableDisplayMessage [hello] Hello
2023-01-26 17:42:05,943 INFO t.GuessANumber [Thread-2] Thread-2 guesses 90
2023-01-26 17:42:05,943 INFO t.RunnableDisplayMessage [Thread-1] GoodBye
2023-01-26 17:42:05,943 INFO t.RunnableDisplayMessage [hello] Hello
2023-01-26 17:42:05,943 INFO t.GuessANumber [Thread-2] Thread-2 guesses 21
2023-01-26 17:42:05,943 INFO t.RunnableDisplayMessage [Thread-1] GoodBye
2023-01-26 17:42:05,943 INFO t.GuessANumber [Thread-2] Thread-2 guesses 8
2023-01-26 17:42:05,943 INFO t.RunnableDisplayMessage [hello] Hello
2023-01-26 17:42:05,943 INFO t.GuessANumber [Thread-2] Thread-2 guesses 6
2023-01-26 17:42:05,943 INFO t.RunnableDisplayMessage [Thread-1] GoodBye
2023-01-26 17:42:05,943 INFO t.GuessANumber [Thread-2] Thread-2 guesses 81
2023-01-26 17:42:05,943 INFO t.RunnableDisplayMessage [hello] Hello
2023-01-26 17:42:05,944 INFO t.RunnableDisplayMessage [hello] Hello
2023-01-26 17:42:05,943 INFO t.RunnableDisplayMessage [Thread-1] GoodBye
2023-01-26 17:42:05,943 INFO t.GuessANumber [Thread-2] Thread-2 guesses 1
2023-01-26 17:42:05,944 INFO t.RunnableDisplayMessage [Thread-1] GoodBye
2023-01-26 17:42:05,944 INFO t.RunnableDisplayMessage [hello] Hello
2023-01-26 17:42:05,945 INFO t.GuessANumber [Thread-2] Thread-2 guesses 89
2023-01-26 17:42:05,947 INFO t.RunnableDisplayMessage [hello] Hello
2023-01-26 17:42:05,947 INFO t.RunnableDisplayMessage [Thread-1] GoodBye
2023-01-26 17:42:05,947 INFO t.RunnableDisplayMessage [Thread-1] GoodBye
2023-01-26 17:42:05,947 INFO t.GuessANumber [Thread-2] Thread-2 guesses 27
2023-01-26 17:42:05,948 INFO t.RunnableDisplayMessage [Thread-1] GoodBye
2023-01-26 17:42:05,948 INFO t.RunnableDisplayMessage [hello] Hello
2023-01-26 17:42:05,948 INFO t.RunnableDisplayMessage [hello] Hello
2023-01-26 17:42:05,948 INFO t.RunnableDisplayMessage [Thread-1] GoodBye
2023-01-26 17:42:05,948 INFO t.RunnableDisplayMessage [hello] Hello
2023-01-26 17:42:05,948 INFO t.RunnableDisplayMessage [Thread-1] GoodBye
2023-01-26 17:42:05,948 INFO t.RunnableDisplayMessage [hello] Hello
2023-01-26 17:42:05,949 INFO t.RunnableDisplayMessage [hello] Hello
2023-01-26 17:42:05,949 INFO t.RunnableDisplayMessage [Thread-1] GoodBye
2023-01-26 17:42:05,950 INFO t.GuessANumber [Thread-2] ** Wow, Correct!Thread-2 in 85 guesses.**
2023-01-26 17:42:05,950 INFO t.RunnableDisplayMessage [hello] Hello
2023-01-26 17:42:05,950 INFO t.RunnableDisplayMessage [hello] Hello
2023-01-26 17:42:05,950 INFO t.RunnableDisplayMessage [hello] Hello
2023-01-26 17:42:05,950 INFO t.RunnableDisplayMessage [Thread-1] GoodBye
2023-01-26 17:42:05,950 INFO t.RunnableDisplayMessage [Thread-1] GoodBye
2023-01-26 17:42:05,950 INFO t.RunnableDisplayMessage [Thread-1] GoodBye
2023-01-26 17:42:05,950 INFO t.RunnableDisplayMessage [hello] Hello
2023-01-26 17:42:05,950 INFO t.RunnableDisplayMessage [Thread-1] GoodBye
2023-01-26 17:42:05,950 INFO t.RunnableDisplayMessage [hello] Hello
2023-01-26 17:42:05,951 INFO t.ThreadClass [main] Starting Thread 4
2023-01-26 17:42:05,951 INFO t.RunnableDisplayMessage [Thread-1] GoodBye
2023-01-26 17:42:05,955 INFO t.ThreadClass [main] main() is ending...
2023-01-26 17:42:05,954 INFO t.RunnableDisplayMessage [Thread-1] GoodBye
2023-01-26 17:42:05,955 INFO t.RunnableDisplayMessage [hello] Hello
2023-01-26 17:42:05,955 INFO t.RunnableDisplayMessage [Thread-1] GoodBye
2023-01-26 17:42:05,955 INFO t.RunnableDisplayMessage [hello] Hello
2023-01-26 17:42:05,955 INFO t.RunnableDisplayMessage [Thread-1] GoodBye
2023-01-26 17:42:05,956 INFO t.RunnableDisplayMessage [hello] Hello
2023-01-26 17:42:05,956 INFO t.RunnableDisplayMessage [Thread-1] GoodBye
2023-01-26 17:42:05,957 INFO t.RunnableDisplayMessage [hello] Hello
2023-01-26 17:42:05,955 INFO t.GuessANumber [Thread-3] Thread-3 guesses 48
2023-01-26 17:42:05,957 INFO t.RunnableDisplayMessage [Thread-1] GoodBye
2023-01-26 17:42:05,969 INFO t.RunnableDisplayMessage [hello] Hello
2023-01-26 17:42:05,969 INFO t.RunnableDisplayMessage [Thread-1] GoodBye
2023-01-26 17:42:05,969 INFO t.GuessANumber [Thread-3] Thread-3 guesses 43
2023-01-26 17:42:05,969 INFO t.RunnableDisplayMessage [Thread-1] GoodBye
2023-01-26 17:42:05,969 INFO t.RunnableDisplayMessage [hello] Hello
2023-01-26 17:42:05,970 INFO t.GuessANumber [Thread-3] Thread-3 guesses 74
2023-01-26 17:42:05,971 INFO t.RunnableDisplayMessage [hello] Hello
2023-01-26 17:42:05,971 INFO t.RunnableDisplayMessage [Thread-1] GoodBye
2023-01-26 17:42:05,971 INFO t.GuessANumber [Thread-3] Thread-3 guesses 75
2023-01-26 17:42:05,971 INFO t.RunnableDisplayMessage [hello] Hello
2023-01-26 17:42:05,971 INFO t.GuessANumber [Thread-3] ** Wow, Correct!Thread-3 in 4 guesses.**
2023-01-26 17:42:05,971 INFO t.RunnableDisplayMessage [Thread-1] GoodBye
2023-01-26 17:42:05,971 INFO t.RunnableDisplayMessage [hello] Hello
2023-01-26 17:42:05,971 INFO t.RunnableDisplayMessage [Thread-1] GoodBye
2023-01-26 17:42:05,971 INFO t.RunnableDisplayMessage [hello] Hello
2023-01-26 17:42:05,971 INFO t.RunnableDisplayMessage [hello] Hello
2023-01-26 17:42:05,971 INFO t.RunnableDisplayMessage [Thread-1] GoodBye
2023-01-26 17:42:05,971 INFO t.RunnableDisplayMessage [hello] Hello
2023-01-26 17:42:05,971 INFO t.RunnableDisplayMessage [Thread-1] GoodBye
2023-01-26 17:42:05,971 INFO t.RunnableDisplayMessage [hello] Hello
2023-01-26 17:42:05,971 INFO t.RunnableDisplayMessage [Thread-1] GoodBye
2023-01-26 17:42:05,972 INFO t.RunnableDisplayMessage [hello] Hello
2023-01-26 17:42:05,972 INFO t.RunnableDisplayMessage [Thread-1] GoodBye
2023-01-26 17:42:05,972 INFO t.RunnableDisplayMessage [hello] Hello
2023-01-26 17:42:05,972 INFO t.RunnableDisplayMessage [Thread-1] GoodBye
2023-01-26 17:42:05,973 INFO t.RunnableDisplayMessage [hello] Hello
2023-01-26 17:42:05,975 INFO t.RunnableDisplayMessage [Thread-1] GoodBye
2023-01-26 17:42:05,975 INFO t.RunnableDisplayMessage [hello] Hello
2023-01-26 17:42:05,976 INFO t.RunnableDisplayMessage [hello] Hello
2023-01-26 17:42:05,976 INFO t.RunnableDisplayMessage [Thread-1] GoodBye
2023-01-26 17:42:05,979 INFO t.RunnableDisplayMessage [hello] Hello
2023-01-26 17:42:05,979 INFO t.RunnableDisplayMessage [Thread-1] GoodBye
2023-01-26 17:42:05,979 INFO t.RunnableDisplayMessage [hello] Hello
2023-01-26 17:42:05,979 INFO t.RunnableDisplayMessage [Thread-1] GoodBye
2023-01-26 17:42:05,979 INFO t.RunnableDisplayMessage [hello] Hello
2023-01-26 17:42:05,979 INFO t.RunnableDisplayMessage [Thread-1] GoodBye
2023-01-26 17:42:05,979 INFO t.RunnableDisplayMessage [hello] Hello
2023-01-26 17:42:05,979 INFO t.RunnableDisplayMessage [Thread-1] GoodBye
2023-01-26 17:42:05,980 INFO t.RunnableDisplayMessage [hello] Hello
2023-01-26 17:42:05,980 INFO t.RunnableDisplayMessage [Thread-1] GoodBye
